# JRE version: Java(TM) SE Runtime Environment (8.0_101-b13) (build 1.8.0_101-b13)
# Java VM: Java HotSpot(TM) 64-Bit Server VM (25.101-b13 mixed mode windows-amd64 compressed oops)
Heap:
 PSYoungGen      total 366080K, used 41163K [0x00000000d5d00000, 0x00000000ed800000, 0x0000000100000000)
  eden space 349696K, 7% used [0x00000000d5d00000,0x00000000d7536ee8,0x00000000eb280000)
  from space 16384K, 99% used [0x00000000eb280000,0x00000000ec27be78,0x00000000ec280000)
  to   space 15360K, 0% used [0x00000000ec280000,0x00000000ec280000,0x00000000ed180000)
 ParOldGen       total 90624K, used 27489K [0x0000000081600000, 0x0000000086e80000, 0x00000000d5d00000)
  object space 90624K, 30% used [0x0000000081600000,0x00000000830d8708,0x0000000086e80000)
 Metaspace       used 40961K, capacity 41693K, committed 41856K, reserved 1085440K
  class space    used 5522K, capacity 5724K, committed 5760K, reserved 1048576K
GC Heap History (10 events):
Event: 8.321 GC heap before
{Heap before GC invocations=9 (full 1):
 PSYoungGen      total 142336K, used 137646K [0x00000000d5d00000, 0x00000000e5c00000, 0x0000000100000000)
  eden space 133120K, 100% used [0x00000000d5d00000,0x00000000ddf00000,0x00000000ddf00000)
  from space 9216K, 49% used [0x00000000ddf00000,0x00000000de36b920,0x00000000de800000)
  to   space 9728K, 0% used [0x00000000e5280000,0x00000000e5280000,0x00000000e5c00000)
 ParOldGen       total 50688K, used 7663K [0x0000000081600000, 0x0000000084780000, 0x00000000d5d00000)
  object space 50688K, 15% used [0x0000000081600000,0x0000000081d7bd50,0x0000000084780000)
 Metaspace       used 24385K, capacity 24772K, committed 24832K, reserved 1071104K
  class space    used 3206K, capacity 3324K, committed 3328K, reserved 1048576K
Event: 8.326 GC heap after
Heap after GC invocations=9 (full 1):
 PSYoungGen      total 245760K, used 7061K [0x00000000d5d00000, 0x00000000e5980000, 0x0000000100000000)
  eden space 238592K, 0% used [0x00000000d5d00000,0x00000000d5d00000,0x00000000e4600000)
  from space 7168K, 98% used [0x00000000e5280000,0x00000000e5965400,0x00000000e5980000)
  to   space 9728K, 0% used [0x00000000e4680000,0x00000000e4680000,0x00000000e5000000)
 ParOldGen       total 50688K, used 7671K [0x0000000081600000, 0x0000000084780000, 0x00000000d5d00000)
  object space 50688K, 15% used [0x0000000081600000,0x0000000081d7dd50,0x0000000084780000)
 Metaspace       used 24385K, capacity 24772K, committed 24832K, reserved 1071104K
  class space    used 3206K, capacity 3324K, committed 3328K, reserved 1048576K
}
Event: 9.639 GC heap before
{Heap before GC invocations=10 (full 1):
 PSYoungGen      total 245760K, used 245653K [0x00000000d5d00000, 0x00000000e5980000, 0x0000000100000000)
  eden space 238592K, 100% used [0x00000000d5d00000,0x00000000e4600000,0x00000000e4600000)
  from space 7168K, 98% used [0x00000000e5280000,0x00000000e5965400,0x00000000e5980000)
  to   space 9728K, 0% used [0x00000000e4680000,0x00000000e4680000,0x00000000e5000000)
 ParOldGen       total 50688K, used 7671K [0x0000000081600000, 0x0000000084780000, 0x00000000d5d00000)
  object space 50688K, 15% used [0x0000000081600000,0x0000000081d7dd50,0x0000000084780000)
 Metaspace       used 30147K, capacity 30614K, committed 30720K, reserved 1075200K
  class space    used 3930K, capacity 4042K, committed 4096K, reserved 1048576K
Event: 9.656 GC heap after
Heap after GC invocations=10 (full 1):
 PSYoungGen      total 248832K, used 9719K [0x00000000d5d00000, 0x00000000ed180000, 0x0000000100000000)
  eden space 239104K, 0% used [0x00000000d5d00000,0x00000000d5d00000,0x00000000e4680000)
  from space 9728K, 99% used [0x00000000e4680000,0x00000000e4ffdd98,0x00000000e5000000)
  to   space 15360K, 0% used [0x00000000ec280000,0x00000000ec280000,0x00000000ed180000)
 ParOldGen       total 50688K, used 20097K [0x0000000081600000, 0x0000000084780000, 0x00000000d5d00000)
  object space 50688K, 39% used [0x0000000081600000,0x00000000829a0500,0x0000000084780000)
 Metaspace       used 30147K, capacity 30614K, committed 30720K, reserved 1075200K
  class space    used 3930K, capacity 4042K, committed 4096K, reserved 1048576K
}
Event: 10.183 GC heap before
{Heap before GC invocations=11 (full 1):
 PSYoungGen      total 248832K, used 84024K [0x00000000d5d00000, 0x00000000ed180000, 0x0000000100000000)
  eden space 239104K, 31% used [0x00000000d5d00000,0x00000000da590608,0x00000000e4680000)
  from space 9728K, 99% used [0x00000000e4680000,0x00000000e4ffdd98,0x00000000e5000000)
  to   space 15360K, 0% used [0x00000000ec280000,0x00000000ec280000,0x00000000ed180000)
 ParOldGen       total 50688K, used 20097K [0x0000000081600000, 0x0000000084780000, 0x00000000d5d00000)
  object space 50688K, 39% used [0x0000000081600000,0x00000000829a0500,0x0000000084780000)
 Metaspace       used 34840K, capacity 35359K, committed 35416K, reserved 1079296K
  class space    used 4694K, capacity 4807K, committed 4864K, reserved 1048576K
Event: 10.197 GC heap after
Heap after GC invocations=11 (full 1):
 PSYoungGen      total 365056K, used 11932K [0x00000000d5d00000, 0x00000000ed800000, 0x0000000100000000)
  eden space 349696K, 0% used [0x00000000d5d00000,0x00000000d5d00000,0x00000000eb280000)
  from space 15360K, 77% used [0x00000000ec280000,0x00000000ece27048,0x00000000ed180000)
  to   space 16384K, 0% used [0x00000000eb280000,0x00000000eb280000,0x00000000ec280000)
 ParOldGen       total 50688K, used 22540K [0x0000000081600000, 0x0000000084780000, 0x00000000d5d00000)
  object space 50688K, 44% used [0x0000000081600000,0x0000000082c03230,0x0000000084780000)
 Metaspace       used 34840K, capacity 35359K, committed 35416K, reserved 1079296K
  class space    used 4694K, capacity 4807K, committed 4864K, reserved 1048576K
}
Event: 10.197 GC heap before
{Heap before GC invocations=12 (full 2):
 PSYoungGen      total 365056K, used 11932K [0x00000000d5d00000, 0x00000000ed800000, 0x0000000100000000)
  eden space 349696K, 0% used [0x00000000d5d00000,0x00000000d5d00000,0x00000000eb280000)
  from space 15360K, 77% used [0x00000000ec280000,0x00000000ece27048,0x00000000ed180000)
  to   space 16384K, 0% used [0x00000000eb280000,0x00000000eb280000,0x00000000ec280000)
 ParOldGen       total 50688K, used 22540K [0x0000000081600000, 0x0000000084780000, 0x00000000d5d00000)
  object space 50688K, 44% used [0x0000000081600000,0x0000000082c03230,0x0000000084780000)
 Metaspace       used 34840K, capacity 35359K, committed 35416K, reserved 1079296K
  class space    used 4694K, capacity 4807K, committed 4864K, reserved 1048576K
Event: 10.272 GC heap after
Heap after GC invocations=12 (full 2):
 PSYoungGen      total 365056K, used 0K [0x00000000d5d00000, 0x00000000ed800000, 0x0000000100000000)
  eden space 349696K, 0% used [0x00000000d5d00000,0x00000000d5d00000,0x00000000eb280000)
  from space 15360K, 0% used [0x00000000ec280000,0x00000000ec280000,0x00000000ed180000)
  to   space 16384K, 0% used [0x00000000eb280000,0x00000000eb280000,0x00000000ec280000)
 ParOldGen       total 90624K, used 27153K [0x0000000081600000, 0x0000000086e80000, 0x00000000d5d00000)
  object space 90624K, 29% used [0x0000000081600000,0x00000000830847f8,0x0000000086e80000)
 Metaspace       used 34840K, capacity 35359K, committed 35416K, reserved 1079296K
  class space    used 4694K, capacity 4807K, committed 4864K, reserved 1048576K
}
Event: 13.533 GC heap before
{Heap before GC invocations=13 (full 2):
 PSYoungGen      total 365056K, used 349696K [0x00000000d5d00000, 0x00000000ed800000, 0x0000000100000000)
  eden space 349696K, 100% used [0x00000000d5d00000,0x00000000eb280000,0x00000000eb280000)
  from space 15360K, 0% used [0x00000000ec280000,0x00000000ec280000,0x00000000ed180000)
  to   space 16384K, 0% used [0x00000000eb280000,0x00000000eb280000,0x00000000ec280000)
 ParOldGen       total 90624K, used 27153K [0x0000000081600000, 0x0000000086e80000, 0x00000000d5d00000)
  object space 90624K, 29% used [0x0000000081600000,0x00000000830847f8,0x0000000086e80000)
 Metaspace       used 40686K, capacity 41373K, committed 41600K, reserved 1085440K
  class space    used 5484K, capacity 5660K, committed 5760K, reserved 1048576K
Event: 13.550 GC heap after
Heap after GC invocations=13 (full 2):
 PSYoungGen      total 366080K, used 16367K [0x00000000d5d00000, 0x00000000ed800000, 0x0000000100000000)
  eden space 349696K, 0% used [0x00000000d5d00000,0x00000000d5d00000,0x00000000eb280000)
  from space 16384K, 99% used [0x00000000eb280000,0x00000000ec27be78,0x00000000ec280000)
  to   space 15360K, 0% used [0x00000000ec280000,0x00000000ec280000,0x00000000ed180000)
 ParOldGen       total 90624K, used 27489K [0x0000000081600000, 0x0000000086e80000, 0x00000000d5d00000)
  object space 90624K, 30% used [0x0000000081600000,0x00000000830d8708,0x0000000086e80000)
 Metaspace       used 40686K, capacity 41373K, committed 41600K, reserved 1085440K
  class space    used 5484K, capacity 5660K, committed 5760K, reserved 1048576K
}

