# JRE version: Java(TM) SE Runtime Environment (8.0_101-b13) (build 1.8.0_101-b13)
# Java VM: Java HotSpot(TM) 64-Bit Server VM (25.101-b13 mixed mode windows-amd64 compressed oops)
Heap:
 PSYoungGen      total 267264K, used 39942K [0x00000000d5d00000, 0x00000000e7280000, 0x0000000100000000)
  eden space 258560K, 12% used [0x00000000d5d00000,0x00000000d7b87b50,0x00000000e5980000)
  from space 8704K, 99% used [0x00000000e6a00000,0x00000000e727a050,0x00000000e7280000)
  to   space 12800K, 0% used [0x00000000e5980000,0x00000000e5980000,0x00000000e6600000)
 ParOldGen       total 53760K, used 33359K [0x0000000081600000, 0x0000000084a80000, 0x00000000d5d00000)
  object space 53760K, 62% used [0x0000000081600000,0x0000000083693e80,0x0000000084a80000)
 Metaspace       used 45213K, capacity 46014K, committed 46424K, reserved 1089536K
  class space    used 5957K, capacity 6156K, committed 6272K, reserved 1048576K
GC Heap History (10 events):
Event: 8.433 GC heap before
{Heap before GC invocations=12 (full 1):
 PSYoungGen      total 196096K, used 193575K [0x00000000d5d00000, 0x00000000e2680000, 0x0000000100000000)
  eden space 186880K, 100% used [0x00000000d5d00000,0x00000000e1380000,0x00000000e1380000)
  from space 9216K, 72% used [0x00000000e1d80000,0x00000000e2409db0,0x00000000e2680000)
  to   space 9728K, 0% used [0x00000000e1380000,0x00000000e1380000,0x00000000e1d00000)
 ParOldGen       total 53760K, used 8954K [0x0000000081600000, 0x0000000084a80000, 0x00000000d5d00000)
  object space 53760K, 16% used [0x0000000081600000,0x0000000081ebebc0,0x0000000084a80000)
 Metaspace       used 32795K, capacity 33312K, committed 33664K, reserved 1079296K
  class space    used 4329K, capacity 4436K, committed 4480K, reserved 1048576K
Event: 8.447 GC heap after
Heap after GC invocations=12 (full 1):
 PSYoungGen      total 196608K, used 9716K [0x00000000d5d00000, 0x00000000e7680000, 0x0000000100000000)
  eden space 186880K, 0% used [0x00000000d5d00000,0x00000000d5d00000,0x00000000e1380000)
  from space 9728K, 99% used [0x00000000e1380000,0x00000000e1cfd008,0x00000000e1d00000)
  to   space 12800K, 0% used [0x00000000e6a00000,0x00000000e6a00000,0x00000000e7680000)
 ParOldGen       total 53760K, used 14327K [0x0000000081600000, 0x0000000084a80000, 0x00000000d5d00000)
  object space 53760K, 26% used [0x0000000081600000,0x00000000823fddc8,0x0000000084a80000)
 Metaspace       used 32795K, capacity 33312K, committed 33664K, reserved 1079296K
  class space    used 4329K, capacity 4436K, committed 4480K, reserved 1048576K
}
Event: 10.179 GC heap before
{Heap before GC invocations=13 (full 1):
 PSYoungGen      total 196608K, used 128888K [0x00000000d5d00000, 0x00000000e7680000, 0x0000000100000000)
  eden space 186880K, 63% used [0x00000000d5d00000,0x00000000dd161270,0x00000000e1380000)
  from space 9728K, 99% used [0x00000000e1380000,0x00000000e1cfd008,0x00000000e1d00000)
  to   space 12800K, 0% used [0x00000000e6a00000,0x00000000e6a00000,0x00000000e7680000)
 ParOldGen       total 53760K, used 14327K [0x0000000081600000, 0x0000000084a80000, 0x00000000d5d00000)
  object space 53760K, 26% used [0x0000000081600000,0x00000000823fddc8,0x0000000084a80000)
 Metaspace       used 34667K, capacity 35232K, committed 35416K, reserved 1079296K
  class space    used 4576K, capacity 4715K, committed 4736K, reserved 1048576K
Event: 10.188 GC heap after
Heap after GC invocations=13 (full 1):
 PSYoungGen      total 267264K, used 5017K [0x00000000d5d00000, 0x00000000e7280000, 0x0000000100000000)
  eden space 258560K, 0% used [0x00000000d5d00000,0x00000000d5d00000,0x00000000e5980000)
  from space 8704K, 57% used [0x00000000e6a00000,0x00000000e6ee65b0,0x00000000e7280000)
  to   space 12800K, 0% used [0x00000000e5980000,0x00000000e5980000,0x00000000e6600000)
 ParOldGen       total 53760K, used 21442K [0x0000000081600000, 0x0000000084a80000, 0x00000000d5d00000)
  object space 53760K, 39% used [0x0000000081600000,0x0000000082af0a10,0x0000000084a80000)
 Metaspace       used 34667K, capacity 35232K, committed 35416K, reserved 1079296K
  class space    used 4576K, capacity 4715K, committed 4736K, reserved 1048576K
}
Event: 10.188 GC heap before
{Heap before GC invocations=14 (full 2):
 PSYoungGen      total 267264K, used 5017K [0x00000000d5d00000, 0x00000000e7280000, 0x0000000100000000)
  eden space 258560K, 0% used [0x00000000d5d00000,0x00000000d5d00000,0x00000000e5980000)
  from space 8704K, 57% used [0x00000000e6a00000,0x00000000e6ee65b0,0x00000000e7280000)
  to   space 12800K, 0% used [0x00000000e5980000,0x00000000e5980000,0x00000000e6600000)
 ParOldGen       total 53760K, used 21442K [0x0000000081600000, 0x0000000084a80000, 0x00000000d5d00000)
  object space 53760K, 39% used [0x0000000081600000,0x0000000082af0a10,0x0000000084a80000)
 Metaspace       used 34667K, capacity 35232K, committed 35416K, reserved 1079296K
  class space    used 4576K, capacity 4715K, committed 4736K, reserved 1048576K
Event: 10.298 GC heap after
Heap after GC invocations=14 (full 2):
 PSYoungGen      total 267264K, used 0K [0x00000000d5d00000, 0x00000000e7280000, 0x0000000100000000)
  eden space 258560K, 0% used [0x00000000d5d00000,0x00000000d5d00000,0x00000000e5980000)
  from space 8704K, 0% used [0x00000000e6a00000,0x00000000e6a00000,0x00000000e7280000)
  to   space 12800K, 0% used [0x00000000e5980000,0x00000000e5980000,0x00000000e6600000)
 ParOldGen       total 53760K, used 23789K [0x0000000081600000, 0x0000000084a80000, 0x00000000d5d00000)
  object space 53760K, 44% used [0x0000000081600000,0x0000000082d3b7a8,0x0000000084a80000)
 Metaspace       used 34667K, capacity 35232K, committed 35416K, reserved 1079296K
  class space    used 4576K, capacity 4715K, committed 4736K, reserved 1048576K
}
Event: 11.340 GC heap before
{Heap before GC invocations=15 (full 2):
 PSYoungGen      total 267264K, used 258560K [0x00000000d5d00000, 0x00000000e7280000, 0x0000000100000000)
  eden space 258560K, 100% used [0x00000000d5d00000,0x00000000e5980000,0x00000000e5980000)
  from space 8704K, 0% used [0x00000000e6a00000,0x00000000e6a00000,0x00000000e7280000)
  to   space 12800K, 0% used [0x00000000e5980000,0x00000000e5980000,0x00000000e6600000)
 ParOldGen       total 53760K, used 23789K [0x0000000081600000, 0x0000000084a80000, 0x00000000d5d00000)
  object space 53760K, 44% used [0x0000000081600000,0x0000000082d3b7a8,0x0000000084a80000)
 Metaspace       used 36879K, capacity 37576K, committed 37848K, reserved 1081344K
  class space    used 4870K, capacity 5064K, committed 5120K, reserved 1048576K
Event: 11.349 GC heap after
Heap after GC invocations=15 (full 2):
 PSYoungGen      total 271360K, used 8586K [0x00000000d5d00000, 0x00000000e7280000, 0x0000000100000000)
  eden space 258560K, 0% used [0x00000000d5d00000,0x00000000d5d00000,0x00000000e5980000)
  from space 12800K, 67% used [0x00000000e5980000,0x00000000e61e2a18,0x00000000e6600000)
  to   space 8704K, 0% used [0x00000000e6a00000,0x00000000e6a00000,0x00000000e7280000)
 ParOldGen       total 53760K, used 23797K [0x0000000081600000, 0x0000000084a80000, 0x00000000d5d00000)
  object space 53760K, 44% used [0x0000000081600000,0x0000000082d3d7a8,0x0000000084a80000)
 Metaspace       used 36879K, capacity 37576K, committed 37848K, reserved 1081344K
  class space    used 4870K, capacity 5064K, committed 5120K, reserved 1048576K
}
Event: 13.512 GC heap before
{Heap before GC invocations=16 (full 2):
 PSYoungGen      total 271360K, used 267146K [0x00000000d5d00000, 0x00000000e7280000, 0x0000000100000000)
  eden space 258560K, 100% used [0x00000000d5d00000,0x00000000e5980000,0x00000000e5980000)
  from space 12800K, 67% used [0x00000000e5980000,0x00000000e61e2a18,0x00000000e6600000)
  to   space 8704K, 0% used [0x00000000e6a00000,0x00000000e6a00000,0x00000000e7280000)
 ParOldGen       total 53760K, used 23797K [0x0000000081600000, 0x0000000084a80000, 0x00000000d5d00000)
  object space 53760K, 44% used [0x0000000081600000,0x0000000082d3d7a8,0x0000000084a80000)
 Metaspace       used 43808K, capacity 44634K, committed 44760K, reserved 1087488K
  class space    used 5853K, capacity 6086K, committed 6144K, reserved 1048576K
Event: 13.530 GC heap after
Heap after GC invocations=16 (full 2):
 PSYoungGen      total 267264K, used 8680K [0x00000000d5d00000, 0x00000000e7280000, 0x0000000100000000)
  eden space 258560K, 0% used [0x00000000d5d00000,0x00000000d5d00000,0x00000000e5980000)
  from space 8704K, 99% used [0x00000000e6a00000,0x00000000e727a050,0x00000000e7280000)
  to   space 12800K, 0% used [0x00000000e5980000,0x00000000e5980000,0x00000000e6600000)
 ParOldGen       total 53760K, used 33359K [0x0000000081600000, 0x0000000084a80000, 0x00000000d5d00000)
  object space 53760K, 62% used [0x0000000081600000,0x0000000083693e80,0x0000000084a80000)
 Metaspace       used 43808K, capacity 44634K, committed 44760K, reserved 1087488K
  class space    used 5853K, capacity 6086K, committed 6144K, reserved 1048576K
}

