# JRE version: Java(TM) SE Runtime Environment (8.0_101-b13) (build 1.8.0_101-b13)
# Java VM: Java HotSpot(TM) 64-Bit Server VM (25.101-b13 mixed mode windows-amd64 compressed oops)
Heap:
 PSYoungGen      total 438272K, used 293552K [0x00000000d5d00000, 0x00000000fa080000, 0x0000000100000000)
  eden space 416768K, 66% used [0x00000000d5d00000,0x00000000e69fffb0,0x00000000ef400000)
  from space 21504K, 84% used [0x00000000ef400000,0x00000000f05ac298,0x00000000f0900000)
  to   space 23552K, 0% used [0x00000000f8980000,0x00000000f8980000,0x00000000fa080000)
 ParOldGen       total 97280K, used 30343K [0x0000000081600000, 0x0000000087500000, 0x00000000d5d00000)
  object space 97280K, 31% used [0x0000000081600000,0x00000000833a1df0,0x0000000087500000)
 Metaspace       used 47436K, capacity 48299K, committed 48640K, reserved 1091584K
  class space    used 6388K, capacity 6574K, committed 6656K, reserved 1048576K
GC Heap History (10 events):
Event: 6.549 GC heap before
{Heap before GC invocations=7 (full 1):
 PSYoungGen      total 138240K, used 133120K [0x00000000d5d00000, 0x00000000e7700000, 0x0000000100000000)
  eden space 133120K, 100% used [0x00000000d5d00000,0x00000000ddf00000,0x00000000ddf00000)
  from space 5120K, 0% used [0x00000000ddf00000,0x00000000ddf00000,0x00000000de400000)
  to   space 11264K, 0% used [0x00000000e6c00000,0x00000000e6c00000,0x00000000e7700000)
 ParOldGen       total 53760K, used 7620K [0x0000000081600000, 0x0000000084a80000, 0x00000000d5d00000)
  object space 53760K, 14% used [0x0000000081600000,0x0000000081d71360,0x0000000084a80000)
 Metaspace       used 22201K, capacity 22546K, committed 22784K, reserved 1069056K
  class space    used 2865K, capacity 2959K, committed 3072K, reserved 1048576K
Event: 6.577 GC heap after
Heap after GC invocations=7 (full 1):
 PSYoungGen      total 243712K, used 4533K [0x00000000d5d00000, 0x00000000e7080000, 0x0000000100000000)
  eden space 239104K, 0% used [0x00000000d5d00000,0x00000000d5d00000,0x00000000e4680000)
  from space 4608K, 98% used [0x00000000e6c00000,0x00000000e706d468,0x00000000e7080000)
  to   space 11264K, 0% used [0x00000000e5a80000,0x00000000e5a80000,0x00000000e6580000)
 ParOldGen       total 53760K, used 7620K [0x0000000081600000, 0x0000000084a80000, 0x00000000d5d00000)
  object space 53760K, 14% used [0x0000000081600000,0x0000000081d71360,0x0000000084a80000)
 Metaspace       used 22201K, capacity 22546K, committed 22784K, reserved 1069056K
  class space    used 2865K, capacity 2959K, committed 3072K, reserved 1048576K
}
Event: 7.932 GC heap before
{Heap before GC invocations=8 (full 1):
 PSYoungGen      total 243712K, used 243637K [0x00000000d5d00000, 0x00000000e7080000, 0x0000000100000000)
  eden space 239104K, 100% used [0x00000000d5d00000,0x00000000e4680000,0x00000000e4680000)
  from space 4608K, 98% used [0x00000000e6c00000,0x00000000e706d468,0x00000000e7080000)
  to   space 11264K, 0% used [0x00000000e5a80000,0x00000000e5a80000,0x00000000e6580000)
 ParOldGen       total 53760K, used 7620K [0x0000000081600000, 0x0000000084a80000, 0x00000000d5d00000)
  object space 53760K, 14% used [0x0000000081600000,0x0000000081d71360,0x0000000084a80000)
 Metaspace       used 28696K, capacity 29214K, committed 29440K, reserved 1075200K
  class space    used 3719K, capacity 3839K, committed 3840K, reserved 1048576K
Event: 7.943 GC heap after
Heap after GC invocations=8 (full 1):
 PSYoungGen      total 270848K, used 11252K [0x00000000d5d00000, 0x00000000f1880000, 0x0000000100000000)
  eden space 259584K, 0% used [0x00000000d5d00000,0x00000000d5d00000,0x00000000e5a80000)
  from space 11264K, 99% used [0x00000000e5a80000,0x00000000e657d3a0,0x00000000e6580000)
  to   space 15872K, 0% used [0x00000000f0900000,0x00000000f0900000,0x00000000f1880000)
 ParOldGen       total 53760K, used 14038K [0x0000000081600000, 0x0000000084a80000, 0x00000000d5d00000)
  object space 53760K, 26% used [0x0000000081600000,0x00000000823b5980,0x0000000084a80000)
 Metaspace       used 28696K, capacity 29214K, committed 29440K, reserved 1075200K
  class space    used 3719K, capacity 3839K, committed 3840K, reserved 1048576K
}
Event: 9.594 GC heap before
{Heap before GC invocations=9 (full 1):
 PSYoungGen      total 270848K, used 222525K [0x00000000d5d00000, 0x00000000f1880000, 0x0000000100000000)
  eden space 259584K, 81% used [0x00000000d5d00000,0x00000000e2b52170,0x00000000e5a80000)
  from space 11264K, 99% used [0x00000000e5a80000,0x00000000e657d3a0,0x00000000e6580000)
  to   space 15872K, 0% used [0x00000000f0900000,0x00000000f0900000,0x00000000f1880000)
 ParOldGen       total 53760K, used 14038K [0x0000000081600000, 0x0000000084a80000, 0x00000000d5d00000)
  object space 53760K, 26% used [0x0000000081600000,0x00000000823b5980,0x0000000084a80000)
 Metaspace       used 34883K, capacity 35359K, committed 35416K, reserved 1079296K
  class space    used 4694K, capacity 4807K, committed 4864K, reserved 1048576K
Event: 9.612 GC heap after
Heap after GC invocations=9 (full 1):
 PSYoungGen      total 432640K, used 15859K [0x00000000d5d00000, 0x00000000f4180000, 0x0000000100000000)
  eden space 416768K, 0% used [0x00000000d5d00000,0x00000000d5d00000,0x00000000ef400000)
  from space 15872K, 99% used [0x00000000f0900000,0x00000000f187ccc8,0x00000000f1880000)
  to   space 21504K, 0% used [0x00000000ef400000,0x00000000ef400000,0x00000000f0900000)
 ParOldGen       total 53760K, used 21258K [0x0000000081600000, 0x0000000084a80000, 0x00000000d5d00000)
  object space 53760K, 39% used [0x0000000081600000,0x0000000082ac2a88,0x0000000084a80000)
 Metaspace       used 34883K, capacity 35359K, committed 35416K, reserved 1079296K
  class space    used 4694K, capacity 4807K, committed 4864K, reserved 1048576K
}
Event: 9.612 GC heap before
{Heap before GC invocations=10 (full 2):
 PSYoungGen      total 432640K, used 15859K [0x00000000d5d00000, 0x00000000f4180000, 0x0000000100000000)
  eden space 416768K, 0% used [0x00000000d5d00000,0x00000000d5d00000,0x00000000ef400000)
  from space 15872K, 99% used [0x00000000f0900000,0x00000000f187ccc8,0x00000000f1880000)
  to   space 21504K, 0% used [0x00000000ef400000,0x00000000ef400000,0x00000000f0900000)
 ParOldGen       total 53760K, used 21258K [0x0000000081600000, 0x0000000084a80000, 0x00000000d5d00000)
  object space 53760K, 39% used [0x0000000081600000,0x0000000082ac2a88,0x0000000084a80000)
 Metaspace       used 34883K, capacity 35359K, committed 35416K, reserved 1079296K
  class space    used 4694K, capacity 4807K, committed 4864K, reserved 1048576K
Event: 9.703 GC heap after
Heap after GC invocations=10 (full 2):
 PSYoungGen      total 432640K, used 0K [0x00000000d5d00000, 0x00000000f4180000, 0x0000000100000000)
  eden space 416768K, 0% used [0x00000000d5d00000,0x00000000d5d00000,0x00000000ef400000)
  from space 15872K, 0% used [0x00000000f0900000,0x00000000f0900000,0x00000000f1880000)
  to   space 21504K, 0% used [0x00000000ef400000,0x00000000ef400000,0x00000000f0900000)
 ParOldGen       total 97280K, used 30335K [0x0000000081600000, 0x0000000087500000, 0x00000000d5d00000)
  object space 97280K, 31% used [0x0000000081600000,0x000000008339fdf0,0x0000000087500000)
 Metaspace       used 34883K, capacity 35359K, committed 35416K, reserved 1079296K
  class space    used 4694K, capacity 4807K, committed 4864K, reserved 1048576K
}
Event: 13.085 GC heap before
{Heap before GC invocations=11 (full 2):
 PSYoungGen      total 432640K, used 416768K [0x00000000d5d00000, 0x00000000f4180000, 0x0000000100000000)
  eden space 416768K, 100% used [0x00000000d5d00000,0x00000000ef400000,0x00000000ef400000)
  from space 15872K, 0% used [0x00000000f0900000,0x00000000f0900000,0x00000000f1880000)
  to   space 21504K, 0% used [0x00000000ef400000,0x00000000ef400000,0x00000000f0900000)
 ParOldGen       total 97280K, used 30335K [0x0000000081600000, 0x0000000087500000, 0x00000000d5d00000)
  object space 97280K, 31% used [0x0000000081600000,0x000000008339fdf0,0x0000000087500000)
 Metaspace       used 41319K, capacity 42129K, committed 42368K, reserved 1085440K
  class space    used 5566K, capacity 5754K, committed 5760K, reserved 1048576K
Event: 13.104 GC heap after
Heap after GC invocations=11 (full 2):
 PSYoungGen      total 438272K, used 18096K [0x00000000d5d00000, 0x00000000fa080000, 0x0000000100000000)
  eden space 416768K, 0% used [0x00000000d5d00000,0x00000000d5d00000,0x00000000ef400000)
  from space 21504K, 84% used [0x00000000ef400000,0x00000000f05ac298,0x00000000f0900000)
  to   space 23552K, 0% used [0x00000000f8980000,0x00000000f8980000,0x00000000fa080000)
 ParOldGen       total 97280K, used 30343K [0x0000000081600000, 0x0000000087500000, 0x00000000d5d00000)
  object space 97280K, 31% used [0x0000000081600000,0x00000000833a1df0,0x0000000087500000)
 Metaspace       used 41319K, capacity 42129K, committed 42368K, reserved 1085440K
  class space    used 5566K, capacity 5754K, committed 5760K, reserved 1048576K
}

